\BOOKMARK [0][-]{chapter.1}{Project\040Background}{}% 1
\BOOKMARK [0][-]{chapter.2}{Project\040Organisation}{}% 2
\BOOKMARK [1][-]{section.2.1}{Project\040members}{chapter.2}% 3
\BOOKMARK [1][-]{section.2.2}{Client}{chapter.2}% 4
\BOOKMARK [0][-]{chapter.3}{Project\040Objectives}{}% 5
\BOOKMARK [1][-]{section.3.1}{Definition\040of\040objectives}{chapter.3}% 6
\BOOKMARK [1][-]{section.3.2}{The\040basic\040goal}{chapter.3}% 7
\BOOKMARK [1][-]{section.3.3}{The\040advanced\040goal}{chapter.3}% 8
\BOOKMARK [1][-]{section.3.4}{Deliverables}{chapter.3}% 9
\BOOKMARK [0][-]{chapter.4}{Implementation}{}% 10
\BOOKMARK [1][-]{section.4.1}{Implementation}{chapter.4}% 11
\BOOKMARK [1][-]{section.4.2}{Project\040initialization\040and\040planning\040\(basic\)}{chapter.4}% 12
\BOOKMARK [1][-]{section.4.3}{Preliminary\040study\040of\040open\040source\040video\040detection\040methods\040that\040could\040be\040applied\040in\040the\040project\040\(basic\)}{chapter.4}% 13
\BOOKMARK [1][-]{section.4.4}{Designing\040the\040scenes\040that\040are\040to\040be\040recorded\040using\040a\040360\040video\040camera\040and\040the\040integrated\040microphone\040array\040\(basic\)}{chapter.4}% 14
\BOOKMARK [1][-]{section.4.5}{Recording\040the\040designed\040scenes\040\(basic\)}{chapter.4}% 15
\BOOKMARK [1][-]{section.4.6}{Developing\040a\040set\040of\040python\040scripts\040for\040handling\040the\040video\040data\040frames\040\(basic\040data\040handling\040methods\040for\040video\)\040\(basic\)}{chapter.4}% 16
\BOOKMARK [1][-]{section.4.7}{Developing\040a\040set\040of\040python\040scripts\040for\040applying\040object\040detection\040for\040the\040video\040data\040frames\040\(basic\)}{chapter.4}% 17
\BOOKMARK [1][-]{section.4.8}{Developing\040a\040method\040for\040outputting\040the\040detected\040visual\040objects,\040their\040locations\040and\040the\040time\040interval\040of\040detection\040to\040be\040used\040together\040with\040spatial\040audio\040detection\040\(basic\)}{chapter.4}% 18
\BOOKMARK [1][-]{section.4.9}{Testing\040the\040developed\040video\040handling\040scripts\040with\040the\040recorded\040video\040data\040\(basic\)}{chapter.4}% 19
\BOOKMARK [1][-]{section.4.10}{Developing\040a\040method\040for\040outputting\040the\040detected\040sound\040events,\040their\040locations\040and\040the\040time\040interval\040of\040detection\040to\040be\040used\040together\040with\040spatial\040audio\040detection\040\(basic\)}{chapter.4}% 20
\BOOKMARK [1][-]{section.4.11}{Manually\040mapping\040visual\040object\040labels\040with\040the\040sound\040event\040labels\040to\040be\040used\040for\040automated\040annotation\040\(basic\)}{chapter.4}% 21
\BOOKMARK [1][-]{section.4.12}{Documenting\040\(this\040includes\040the\040final\040report\040and\040the\040presentations\)\040\(basic\)}{chapter.4}% 22
\BOOKMARK [1][-]{section.4.13}{Testing\040the\040method\040against\040manual\040annotation\040\(basic\)}{chapter.4}% 23
\BOOKMARK [1][-]{section.4.14}{Designing\040more\040complicated\040scenes\040to\040be\040recorded\040and\040testing\040the\040system\040with\040them\040\(advanced\)}{chapter.4}% 24
\BOOKMARK [1][-]{section.4.15}{Further\040developing\040the\040video\040detection\040part\040of\040the\040application\040so\040that\040different\040detection\040models\040could\040be\040used\040dynamically\040\(as\040configured\040by\040the\040user\)\(advanced\)}{chapter.4}% 25
\BOOKMARK [1][-]{section.4.16}{Testing\040if\040the\040use\040of\040tracking\040algorithms\040could\040be\040used\040to\040further\040improve\040the\040accuracy\040of\040the\040application\040\(if\040needed\)\040\(advanced\)}{chapter.4}% 26
\BOOKMARK [1][-]{section.4.17}{Developing\040a\040graphical\040user\040interface\040for\040the\040mapping\040of\040visual\040object\040labels\040and\040sound\040event\040labels\040\(advanced\)}{chapter.4}% 27
\BOOKMARK [0][-]{chapter.5}{Budget}{}% 28
\BOOKMARK [0][-]{chapter.6}{Project\040Management}{}% 29
\BOOKMARK [0][-]{chapter.1}{References}{}% 30
