This is pdfTeX, Version 3.14159265-2.6-1.40.20 (MiKTeX 2.9.7140 64-bit) (preloaded format=pdflatex 2019.8.27)  28 APR 2021 10:19
entering extended mode
**./main.tex
(main.tex
LaTeX2e <2018-12-01>
(tauthesis.cls
Document Class: tauthesis 2020/05/18 v1.6 Thesis styles used in Tampere Univers
ity
("C:\Users\Kalle\AppData\Local\Programs\MiKTeX 2.9\tex/latex/base\report.cls"
Document Class: report 2018/09/03 v1.4i Standard LaTeX document class
("C:\Users\Kalle\AppData\Local\Programs\MiKTeX 2.9\tex/latex/base\size12.clo"
File: size12.clo 2018/09/03 v1.4i Standard LaTeX file (size option)
)
\c@part=\count80
\c@chapter=\count81
\c@section=\count82
\c@subsection=\count83
\c@subsubsection=\count84
\c@paragraph=\count85
\c@subparagraph=\count86
\c@figure=\count87
\c@table=\count88
\abovecaptionskip=\skip41
\belowcaptionskip=\skip42
\bibindent=\dimen102
) ("C:\Users\Kalle\AppData\Local\Programs\MiKTeX 2.9\tex/latex/pdfx\pdfx.sty"
Package: pdfx 2019/02/27 v1.6.3 PDF/X and PDF/A support (CVR/HTH/RRM/PS)
\pdfx@minorversion=\count89

("C:\Users\Kalle\AppData\Local\Programs\MiKTeX 2.9\tex/latex/iftex\iftex.sty"
Package: iftex 2013/04/04 v0.2 Provides if(tex) conditional for PDFTeX, XeTeX, 
and LuaTeX
)
("C:\Users\Kalle\AppData\Local\Programs\MiKTeX 2.9\tex/generic/oberdiek\ifpdf.s
ty"
Package: ifpdf 2018/09/07 v3.3 Provides the ifpdf switch
)
("C:\Users\Kalle\AppData\Local\Programs\MiKTeX 2.9\tex/generic/ifxetex\ifxetex.
sty"
Package: ifxetex 2010/09/12 v0.6 Provides ifxetex conditional
)
("C:\Users\Kalle\AppData\Local\Programs\MiKTeX 2.9\tex/latex/ms\everyshi.sty"
Package: everyshi 2001/05/15 v3.00 EveryShipout Package (MS)
)
("C:\Users\Kalle\AppData\Local\Programs\MiKTeX 2.9\tex/generic/oberdiek\ifluate
x.sty"
Package: ifluatex 2016/05/16 v1.4 Provides the ifluatex switch (HO)
Package ifluatex Info: LuaTeX not detected.
){C:/Users/Kalle/AppData/Local/MiKTeX/2.9/pdftex/config/pdftex.map}
("C:\Users\Kalle\AppData\Local\Programs\MiKTeX 2.9\tex/latex/base\inputenc.sty"
Package: inputenc 2018/08/11 v1.3c Input encoding file
\inpenc@prehook=\toks14
\inpenc@posthook=\toks15
) ("C:\Users\Kalle\AppData\Local\Programs\MiKTeX 2.9\tex/latex/pdfx\l8u-penc.de
f"
File: l8u-penc.def 2017/06/23 v0.8 Custom LaTeX file, for UTF8 encoded letters 
and symbols
LaTeX Info: Composite with undeclared \b in encoding L8U on input line 278.

("C:\Users\Kalle\AppData\Local\Programs\MiKTeX 2.9\tex/latex/pdfx\l8ugrk-penc.d
ef"
File: l8ugrk-penc.def 2018/11/28 v0.6 Greek support for UTF8 in XMP metadata
)
("C:\Users\Kalle\AppData\Local\Programs\MiKTeX 2.9\tex/latex/pdfx\l8umath-penc.
def"
File: l8umath-penc.def 2017/06/23 v0.6 Custom LaTeX file, for UTF8 encoded math
 symbols
))
\pdfxsafeforxmp@toks=\toks16

("C:\Users\Kalle\AppData\Local\Programs\MiKTeX 2.9\tex/latex/xcolor\xcolor.sty"
Package: xcolor 2016/05/11 v2.12 LaTeX color extensions (UK)

("C:\Users\Kalle\AppData\Local\Programs\MiKTeX 2.9\tex/latex/graphics-cfg\color
.cfg"
File: color.cfg 2016/01/02 v1.6 sample color configuration
)
Package xcolor Info: Driver file: pdftex.def on input line 225.

("C:\Users\Kalle\AppData\Local\Programs\MiKTeX 2.9\tex/latex/graphics-def\pdfte
x.def"
File: pdftex.def 2018/01/08 v1.0l Graphics/color driver for pdftex
)
Package xcolor Info: Model `cmy' substituted by `cmy0' on input line 1348.
Package xcolor Info: Model `hsb' substituted by `rgb' on input line 1352.
Package xcolor Info: Model `RGB' extended on input line 1364.
Package xcolor Info: Model `HTML' substituted by `rgb' on input line 1366.
Package xcolor Info: Model `Hsb' substituted by `hsb' on input line 1367.
Package xcolor Info: Model `tHsb' substituted by `hsb' on input line 1368.
Package xcolor Info: Model `HSB' substituted by `hsb' on input line 1369.
Package xcolor Info: Model `Gray' substituted by `gray' on input line 1370.
Package xcolor Info: Model `wave' substituted by `hsb' on input line 1371.
)
\pdfx@tmptoks=\toks17

("C:\Users\Kalle\AppData\Local\Programs\MiKTeX 2.9\tex/latex/hyperref\hyperref.
sty"
Package: hyperref 2019/06/12 v6.88h Hypertext links for LaTeX

("C:\Users\Kalle\AppData\Local\Programs\MiKTeX 2.9\tex/generic/oberdiek\hobsub-
hyperref.sty"
Package: hobsub-hyperref 2016/05/16 v1.14 Bundle oberdiek, subset hyperref (HO)


("C:\Users\Kalle\AppData\Local\Programs\MiKTeX 2.9\tex/generic/oberdiek\hobsub-
generic.sty"
Package: hobsub-generic 2016/05/16 v1.14 Bundle oberdiek, subset generic (HO)
Package: hobsub 2016/05/16 v1.14 Construct package bundles (HO)
Package: infwarerr 2016/05/16 v1.4 Providing info/warning/error messages (HO)
Package: ltxcmds 2016/05/16 v1.23 LaTeX kernel commands for general use (HO)
Package hobsub Info: Skipping package `ifluatex' (already loaded).
Package: ifvtex 2016/05/16 v1.6 Detect VTeX and its facilities (HO)
Package ifvtex Info: VTeX not detected.
Package: intcalc 2016/05/16 v1.2 Expandable calculations with integers (HO)
Package hobsub Info: Skipping package `ifpdf' (already loaded).
Package: etexcmds 2016/05/16 v1.6 Avoid name clashes with e-TeX commands (HO)
Package: kvsetkeys 2016/05/16 v1.17 Key value parser (HO)
Package: kvdefinekeys 2016/05/16 v1.4 Define keys (HO)
Package: pdftexcmds 2019/07/25 v0.30 Utility functions of pdfTeX for LuaTeX (HO
)
Package pdftexcmds Info: LuaTeX not detected.
Package pdftexcmds Info: \pdf@primitive is available.
Package pdftexcmds Info: \pdf@ifprimitive is available.
Package pdftexcmds Info: \pdfdraftmode found.
Package: pdfescape 2016/05/16 v1.14 Implements pdfTeX's escape features (HO)
Package: bigintcalc 2016/05/16 v1.4 Expandable calculations on big integers (HO
)
Package: bitset 2016/05/16 v1.2 Handle bit-vector datatype (HO)
Package: uniquecounter 2016/05/16 v1.3 Provide unlimited unique counter (HO)
)
Package hobsub Info: Skipping package `hobsub' (already loaded).
Package: letltxmacro 2016/05/16 v1.5 Let assignment for LaTeX macros (HO)
Package: hopatch 2016/05/16 v1.3 Wrapper for package hooks (HO)
Package: xcolor-patch 2016/05/16 xcolor patch
Package: atveryend 2016/05/16 v1.9 Hooks at the very end of document (HO)
Package atveryend Info: \enddocument detected (standard20110627).
Package: atbegshi 2016/06/09 v1.18 At begin shipout hook (HO)
Package: refcount 2016/05/16 v3.5 Data extraction from label references (HO)
Package: hycolor 2016/05/16 v1.8 Color options for hyperref/bookmark (HO)
)
("C:\Users\Kalle\AppData\Local\Programs\MiKTeX 2.9\tex/latex/graphics\keyval.st
y"
Package: keyval 2014/10/28 v1.15 key=value parser (DPC)
\KV@toks@=\toks18
)
("C:\Users\Kalle\AppData\Local\Programs\MiKTeX 2.9\tex/latex/oberdiek\auxhook.s
ty"
Package: auxhook 2016/05/16 v1.4 Hooks for auxiliary files (HO)
)
("C:\Users\Kalle\AppData\Local\Programs\MiKTeX 2.9\tex/latex/oberdiek\kvoptions
.sty"
Package: kvoptions 2016/05/16 v3.12 Key value format for package options (HO)
)
\@linkdim=\dimen103
\Hy@linkcounter=\count90
\Hy@pagecounter=\count91

("C:\Users\Kalle\AppData\Local\Programs\MiKTeX 2.9\tex/latex/hyperref\pd1enc.de
f"
File: pd1enc.def 2019/06/12 v6.88h Hyperref: PDFDocEncoding definition (HO)
)
\Hy@SavedSpaceFactor=\count92

("C:\Users\Kalle\AppData\Local\Programs\MiKTeX 2.9\tex/latex/00miktex\hyperref.
cfg"
File: hyperref.cfg 2002/06/06 v1.2 hyperref configuration of TeXLive
)
Package hyperref Info: Option `pdfa' set `true' on input line 4424.
Package hyperref Info: Hyper figures OFF on input line 4550.
Package hyperref Info: Link nesting OFF on input line 4555.
Package hyperref Info: Hyper index ON on input line 4558.
Package hyperref Info: Plain pages OFF on input line 4565.
Package hyperref Info: Backreferencing OFF on input line 4570.
Package hyperref Info: Implicit mode ON; LaTeX internals redefined.
Package hyperref Info: Bookmarks ON on input line 4803.
\c@Hy@tempcnt=\count93
 ("C:\Users\Kalle\AppData\Local\Programs\MiKTeX 2.9\tex/latex/url\url.sty"
\Urlmuskip=\muskip10
Package: url 2013/09/16  ver 3.4  Verb mode for urls, etc.
)
LaTeX Info: Redefining \url on input line 5156.
\XeTeXLinkMargin=\dimen104
\Fld@menulength=\count94
\Field@Width=\dimen105
\Fld@charsize=\dimen106
Package hyperref Info: Hyper figures OFF on input line 6411.
Package hyperref Info: Link nesting OFF on input line 6416.
Package hyperref Info: Hyper index ON on input line 6419.
Package hyperref Info: backreferencing OFF on input line 6426.
Package hyperref Info: Link coloring OFF on input line 6431.
Package hyperref Info: Link coloring with OCG OFF on input line 6436.
Package hyperref Info: PDF/A mode ON on input line 6439.
LaTeX Info: Redefining \ref on input line 6481.
LaTeX Info: Redefining \pageref on input line 6485.
\Hy@abspage=\count95
\c@Item=\count96
\c@Hfootnote=\count97
)
Package hyperref Info: Driver: hpdftex.

("C:\Users\Kalle\AppData\Local\Programs\MiKTeX 2.9\tex/latex/hyperref\hpdftex.d
ef"
File: hpdftex.def 2019/06/12 v6.88h Hyperref driver for pdfTeX
\Fld@listcount=\count98
\c@bookmark@seq@number=\count99

("C:\Users\Kalle\AppData\Local\Programs\MiKTeX 2.9\tex/latex/oberdiek\rerunfile
check.sty"
Package: rerunfilecheck 2016/05/16 v1.8 Rerun checks for auxiliary files (HO)
Package uniquecounter Info: New unique counter `rerunfilecheck' on input line 2
82.
)
\Hy@SectionHShift=\skip43
)
Package hyperref Info: Option `unicode' set `true' on input line 1463.

("C:\Users\Kalle\AppData\Local\Programs\MiKTeX 2.9\tex/latex/hyperref\puenc.def
"
File: puenc.def 2019/06/12 v6.88h Hyperref: PDF Unicode definition (HO)
)
("C:\Users\Kalle\AppData\Local\Programs\MiKTeX 2.9\tex/generic/oberdiek\stringe
nc.sty"
Package: stringenc 2016/05/16 v1.11 Convert strings between diff. encodings (HO
)
)
Package hyperref Info: Option `psdextra' set `true' on input line 1465.

("C:\Users\Kalle\AppData\Local\Programs\MiKTeX 2.9\tex/latex/hyperref\psdextra.
def"
File: psdextra.def 2019/06/12 v6.88h Hyperref: Additions to PDF string support
)
("C:\Users\Kalle\AppData\Local\Programs\MiKTeX 2.9\tex/generic/colorprofiles\co
lorprofiles.sty"
Package: colorprofiles 2018/11/01 v1.0.1 color profiles for PDF/X and PDF/A sup
port

("C:\Users\Kalle\AppData\Local\Programs\MiKTeX 2.9\tex/generic/colorprofiles\co
lorprofiles.tex"))
("C:\Users\Kalle\AppData\Local\Programs\MiKTeX 2.9\tex/generic/oberdiek\se-pdfd
oc.def"
File: se-pdfdoc.def 2016/05/16 v1.11 stringenc: PDFDocEncoding
)
("C:\Users\Kalle\AppData\Local\Programs\MiKTeX 2.9\tex/latex/pdfx\AdobeColorPro
files.tex")
("C:\Users\Kalle\AppData\Local\Programs\MiKTeX 2.9\tex/latex/pdfx\8bit.def"
File: 8bit.def 2008/03/30 v1.1d Input encoding file
)
** pdfx: No file main.xmpdata . Metadata will be incomplete!
<<sRGB.icc>>
("C:\Users\Kalle\AppData\Local\Programs\MiKTeX 2.9\tex/latex/pdfx\8bit.def"
File: 8bit.def 2008/03/30 v1.1d Input encoding file
)
Package hyperref Info: Option `unicode' set `true' on input line 2411.
Package hyperref Info: Option `unicode' set `true' on input line 2412.

("C:\Users\Kalle\AppData\Local\Programs\MiKTeX 2.9\tex/generic/pdftex\glyphtoun
icode.tex")
("C:\Users\Kalle\AppData\Local\Programs\MiKTeX 2.9\tex/latex/pdfx\glyphtounicod
e-cmr.tex")
("C:\Users\Kalle\AppData\Local\Programs\MiKTeX 2.9\tex/latex/pdfx\glyphtounicod
e-ntx.tex")
("C:\Users\Kalle\AppData\Local\Programs\MiKTeX 2.9\tex/latex/base\ifthen.sty"
Package: ifthen 2014/09/29 v1.1c Standard LaTeX ifthen package (DPC)
)
("C:\Users\Kalle\AppData\Local\Programs\MiKTeX 2.9\tex/latex/xmpincl\xmpincl.st
y"
Package: xmpincl 2008/05/10 v2.2 Include XMP data in pdflatex
) ("C:\Users\Kalle\AppData\Local\Programs\MiKTeX 2.9\tex/latex/pdfx\8bit.def"
File: 8bit.def 2008/03/30 v1.1d Input encoding file
)
Using XMP template file: pdfa.xmp
\xmpinclWrite=\write3
\xmpinclRead=\read1
\openout3 = `pdfa.xmpi'.

<<pdfa.xmpi>>)
("C:\Users\Kalle\AppData\Local\Programs\MiKTeX 2.9\tex/latex/base\inputenc.sty"
Package: inputenc 2018/08/11 v1.3c Input encoding file
) ("C:\Users\Kalle\AppData\Local\Programs\MiKTeX 2.9\tex/latex/psnfss\helvet.st
y"
Package: helvet 2005/04/12 PSNFSS-v9.2a (WaS) 
)
("C:\Users\Kalle\AppData\Local\Programs\MiKTeX 2.9\tex/latex/base\fontenc.sty"
Package: fontenc 2018/08/11 v2.0j Standard LaTeX package

("C:\Users\Kalle\AppData\Local\Programs\MiKTeX 2.9\tex/latex/base\t1enc.def"
File: t1enc.def 2018/08/11 v2.0j Standard LaTeX file
LaTeX Font Info:    Redeclaring font encoding T1 on input line 48.
))
("C:\Users\Kalle\AppData\Local\Programs\MiKTeX 2.9\tex/latex/geometry\geometry.
sty"
Package: geometry 2018/04/16 v5.8 Page Geometry
\Gm@cnth=\count100
\Gm@cntv=\count101
\c@Gm@tempcnt=\count102
\Gm@bindingoffset=\dimen107
\Gm@wd@mp=\dimen108
\Gm@odd@mp=\dimen109
\Gm@even@mp=\dimen110
\Gm@layoutwidth=\dimen111
\Gm@layoutheight=\dimen112
\Gm@layouthoffset=\dimen113
\Gm@layoutvoffset=\dimen114
\Gm@dimlist=\toks19

("C:\Users\Kalle\AppData\Local\Programs\MiKTeX 2.9\tex/latex/geometry\geometry.
cfg"))
("C:\Users\Kalle\AppData\Local\Programs\MiKTeX 2.9\tex/latex/fancyhdr\fancyhdr.
sty"
Package: fancyhdr 2019/01/31 v3.10 Extensive control of page headers and footer
s
\f@nch@headwidth=\skip44
\f@nch@O@elh=\skip45
\f@nch@O@erh=\skip46
\f@nch@O@olh=\skip47
\f@nch@O@orh=\skip48
\f@nch@O@elf=\skip49
\f@nch@O@erf=\skip50
\f@nch@O@olf=\skip51
\f@nch@O@orf=\skip52
)
("C:\Users\Kalle\AppData\Local\Programs\MiKTeX 2.9\tex/latex/titlesec\titlesec.
sty"
Package: titlesec 2019/07/16 v2.11 Sectioning titles
\ttl@box=\box27
\beforetitleunit=\skip53
\aftertitleunit=\skip54
\ttl@plus=\dimen115
\ttl@minus=\dimen116
\ttl@toksa=\toks20
\titlewidth=\dimen117
\titlewidthlast=\dimen118
\titlewidthfirst=\dimen119
)
("C:\Users\Kalle\AppData\Local\Programs\MiKTeX 2.9\tex/latex/setspace\setspace.
sty"
Package: setspace 2011/12/19 v6.7a set line spacing
)
("C:\Users\Kalle\AppData\Local\Programs\MiKTeX 2.9\tex/latex/parskip\parskip.st
y"
Package: parskip 2019-01-16 v2.0c non-zero parskip adjustments

("C:\Users\Kalle\AppData\Local\Programs\MiKTeX 2.9\tex/latex/etoolbox\etoolbox.
sty"
Package: etoolbox 2018/08/19 v2.5f e-TeX tools for LaTeX (JAW)
\etb@tempcnta=\count103
))
\chapterspace=\skip55

("C:\Users\Kalle\AppData\Local\Programs\MiKTeX 2.9\tex/generic/babel\babel.sty"
Package: babel 2019/07/19 3.33 The Babel package
("C:\Users\Kalle\AppData\Local\Programs\MiKTeX 2.9\tex/generic/babel\switch.def
"
File: switch.def 2019/07/19 3.33 Babel switching mechanism
)
*************************************
* Local config file bblopts.cfg used
*
("C:\Users\Kalle\AppData\Local\Programs\MiKTeX 2.9\tex/latex/arabi\bblopts.cfg"
File: bblopts.cfg 2005/09/08 v0.1 add Arabic and Farsi to "declared" options of
 babel
)
("C:\Users\Kalle\AppData\Local\Programs\MiKTeX 2.9\tex/latex/babel-finnish\finn
ish.ldf"
Language: finnish 2007/10/20 v1.3q Finnish support from the babel system

("C:\Users\Kalle\AppData\Local\Programs\MiKTeX 2.9\tex/generic/babel\babel.def"
File: babel.def 2019/07/19 3.33 Babel common definitions
\babel@savecnt=\count104
\U@D=\dimen120

("C:\Users\Kalle\AppData\Local\Programs\MiKTeX 2.9\tex/generic/babel\txtbabel.d
ef")
\bbl@dirlevel=\count105
)
Package babel Info: Making " an active character on input line 89.
)
("C:\Users\Kalle\AppData\Local\Programs\MiKTeX 2.9\tex/latex/babel-english\engl
ish.ldf"
Language: english 2017/06/06 v3.3r English support from the babel system
\l@canadian = a dialect from \language\l@american 
\l@australian = a dialect from \language\l@british 
\l@newzealand = a dialect from \language\l@british 
)
("C:\Users\Kalle\AppData\Local\Programs\MiKTeX 2.9\tex/latex/babel-english\engl
ish.ldf"
Language: english 2017/06/06 v3.3r English support from the babel system
))
("C:\Users\Kalle\AppData\Local\Programs\MiKTeX 2.9\tex/latex/csquotes\csquotes.
sty"
Package: csquotes 2019/05/10 v5.2e context-sensitive quotations (JAW)
\csq@reset=\count106
\csq@gtype=\count107
\csq@glevel=\count108
\csq@qlevel=\count109
\csq@maxlvl=\count110
\csq@tshold=\count111
\csq@ltx@everypar=\toks21

("C:\Users\Kalle\AppData\Local\Programs\MiKTeX 2.9\tex/latex/csquotes\csquotes.
def"
File: csquotes.def 2019/05/10 v5.2e csquotes generic definitions (JAW)
)
Package csquotes Info: Trying to load configuration file 'csquotes.cfg'...
Package csquotes Info: ... configuration file loaded successfully.

("C:\Users\Kalle\AppData\Local\Programs\MiKTeX 2.9\tex/latex/csquotes\csquotes.
cfg"
File: csquotes.cfg 
))
("C:\Users\Kalle\AppData\Local\Programs\MiKTeX 2.9\tex/latex/datetime2\datetime
2.sty"
Package: datetime2 2018/07/20 v1.5.3 (NLCT) date and time formats

("C:\Users\Kalle\AppData\Local\Programs\MiKTeX 2.9\tex/latex/tracklang\tracklan
g.sty"
Package: tracklang 2018/05/13 v1.3.6 (NLCT) Track Languages

("C:\Users\Kalle\AppData\Local\Programs\MiKTeX 2.9\tex/generic/tracklang\trackl
ang.tex"))
("C:\Users\Kalle\AppData\Local\Programs\MiKTeX 2.9\tex/latex/xkeyval\xkeyval.st
y"
Package: xkeyval 2014/12/03 v2.7a package option processing (HA)

("C:\Users\Kalle\AppData\Local\Programs\MiKTeX 2.9\tex/generic/xkeyval\xkeyval.
tex"
("C:\Users\Kalle\AppData\Local\Programs\MiKTeX 2.9\tex/generic/xkeyval\xkvutils
.tex"
\XKV@toks=\toks22
\XKV@tempa@toks=\toks23
)
\XKV@depth=\count112
File: xkeyval.tex 2014/12/03 v2.7a key=value parser (HA)
))
("C:\Users\Kalle\AppData\Local\Programs\MiKTeX 2.9\tex/latex/datetime2-english\
datetime2-english.ldf"
File: datetime2-english.ldf 2016/03/09 v1.04 (NLCT)

("C:\Users\Kalle\AppData\Local\Programs\MiKTeX 2.9\tex/latex/datetime2-english\
datetime2-english-base.ldf"
File: datetime2-english-base.ldf 2016/03/09 v1.04 (NLCT)
))
("C:\Users\Kalle\AppData\Local\Programs\MiKTeX 2.9\tex/latex/datetime2-english\
datetime2-en-GB.ldf"
File: datetime2-en-GB.ldf 2016/03/09 v1.04 (NLCT)
)
("C:\Users\Kalle\AppData\Local\Programs\MiKTeX 2.9\tex/latex/datetime2-finnish\
datetime2-finnish.ldf"
File: datetime2-finnish.ldf 2018/03/20 v1.2

("C:\Users\Kalle\AppData\Local\Programs\MiKTeX 2.9\tex/latex/datetime2-finnish\
datetime2-finnish-ascii.ldf"
File: datetime2-finnish-ascii.ldf 2018/03/20 v1.2
)))
("C:\Users\Kalle\AppData\Local\Programs\MiKTeX 2.9\tex/latex/biblatex\biblatex.
sty"
Package: biblatex 2019/08/17 v3.13 programmable bibliographies (PK/MW)

("C:\Users\Kalle\AppData\Local\Programs\MiKTeX 2.9\tex/latex/logreq\logreq.sty"
Package: logreq 2010/08/04 v1.0 xml request logger
\lrq@indent=\count113
("C:\Users\Kalle\AppData\Local\Programs\MiKTeX 2.9\tex/latex/logreq\logreq.def"
File: logreq.def 2010/08/04 v1.0 logreq spec v1.0
))
\c@tabx@nest=\count114
\c@listtotal=\count115
\c@listcount=\count116
\c@liststart=\count117
\c@liststop=\count118
\c@citecount=\count119
\c@citetotal=\count120
\c@multicitecount=\count121
\c@multicitetotal=\count122
\c@instcount=\count123
\c@maxnames=\count124
\c@minnames=\count125
\c@maxitems=\count126
\c@minitems=\count127
\c@citecounter=\count128
\c@maxcitecounter=\count129
\c@savedcitecounter=\count130
\c@uniquelist=\count131
\c@uniquename=\count132
\c@refsection=\count133
\c@refsegment=\count134
\c@maxextratitle=\count135
\c@maxextratitleyear=\count136
\c@maxextraname=\count137
\c@maxextradate=\count138
\c@maxextraalpha=\count139
\c@abbrvpenalty=\count140
\c@highnamepenalty=\count141
\c@lownamepenalty=\count142
\c@maxparens=\count143
\c@parenlevel=\count144
\blx@tempcnta=\count145
\blx@tempcntb=\count146
\blx@tempcntc=\count147
\blx@maxsection=\count148
\blx@maxsegment@0=\count149
\blx@notetype=\count150
\blx@parenlevel@text=\count151
\blx@parenlevel@foot=\count152
\blx@sectionciteorder@0=\count153
\blx@entrysetcounter=\count154
\labelnumberwidth=\skip56
\labelalphawidth=\skip57
\biblabelsep=\skip58
\bibitemsep=\skip59
\bibnamesep=\skip60
\bibinitsep=\skip61
\bibparsep=\skip62
\bibhang=\skip63
\blx@bcfin=\read2
\blx@bcfout=\write4
\blx@langwohyphens=\language82
\c@mincomprange=\count155
\c@maxcomprange=\count156
\c@mincompwidth=\count157
Package biblatex Info: Trying to load biblatex default data model...
Package biblatex Info: ... file 'blx-dm.def' found.

("C:\Users\Kalle\AppData\Local\Programs\MiKTeX 2.9\tex/latex/biblatex\blx-dm.de
f"
File: blx-dm.def 2019/08/17 v3.13 biblatex localization (PK/MW)
)
Package biblatex Info: Trying to load biblatex citestyle data model...
Package biblatex Info: ... file 'numeric.dbx' not found.
Package biblatex Info: Trying to load biblatex custom data model...
Package biblatex Info: ... file 'biblatex-dm.cfg' not found.
\c@afterword=\count158
\c@savedafterword=\count159
\c@annotator=\count160
\c@savedannotator=\count161
\c@author=\count162
\c@savedauthor=\count163
\c@bookauthor=\count164
\c@savedbookauthor=\count165
\c@commentator=\count166
\c@savedcommentator=\count167
\c@editor=\count168
\c@savededitor=\count169
\c@editora=\count170
\c@savededitora=\count171
\c@editorb=\count172
\c@savededitorb=\count173
\c@editorc=\count174
\c@savededitorc=\count175
\c@foreword=\count176
\c@savedforeword=\count177
\c@holder=\count178
\c@savedholder=\count179
\c@introduction=\count180
\c@savedintroduction=\count181
\c@namea=\count182
\c@savednamea=\count183
\c@nameb=\count184
\c@savednameb=\count185
\c@namec=\count186
\c@savednamec=\count187
\c@translator=\count188
\c@savedtranslator=\count189
\c@shortauthor=\count190
\c@savedshortauthor=\count191
\c@shorteditor=\count192
\c@savedshorteditor=\count193
\c@labelname=\count194
\c@savedlabelname=\count195
\c@institution=\count196
\c@savedinstitution=\count197
\c@lista=\count198
\c@savedlista=\count199
\c@listb=\count266
\c@savedlistb=\count267
\c@listc=\count268
\c@savedlistc=\count269
\c@listd=\count270
\c@savedlistd=\count271
\c@liste=\count272
\c@savedliste=\count273
\c@listf=\count274
\c@savedlistf=\count275
\c@location=\count276
\c@savedlocation=\count277
\c@organization=\count278
\c@savedorganization=\count279
\c@origlocation=\count280
\c@savedoriglocation=\count281
\c@origpublisher=\count282
\c@savedorigpublisher=\count283
\c@publisher=\count284
\c@savedpublisher=\count285
\c@language=\count286
\c@savedlanguage=\count287
\c@origlanguage=\count288
\c@savedoriglanguage=\count289
\c@pageref=\count290
\c@savedpageref=\count291
\shorthandwidth=\skip64
\shortjournalwidth=\skip65
\shortserieswidth=\skip66
\shorttitlewidth=\skip67
\shortauthorwidth=\skip68
\shorteditorwidth=\skip69
\locallabelnumberwidth=\skip70
\locallabelalphawidth=\skip71
\localshorthandwidth=\skip72
\localshortjournalwidth=\skip73
\localshortserieswidth=\skip74
\localshorttitlewidth=\skip75
\localshortauthorwidth=\skip76
\localshorteditorwidth=\skip77
Package biblatex Info: Trying to load compatibility code...
Package biblatex Info: ... file 'blx-compat.def' found.

("C:\Users\Kalle\AppData\Local\Programs\MiKTeX 2.9\tex/latex/biblatex\blx-compa
t.def"
File: blx-compat.def 2019/08/17 v3.13 biblatex compatibility (PK/MW)
)
Package biblatex Info: Trying to load generic definitions...
Package biblatex Info: ... file 'biblatex.def' found.

("C:\Users\Kalle\AppData\Local\Programs\MiKTeX 2.9\tex/latex/biblatex\biblatex.
def"
File: biblatex.def 2019/08/17 v3.13 biblatex compatibility (PK/MW)
\c@textcitecount=\count292
\c@textcitetotal=\count293
\c@textcitemaxnames=\count294
\c@biburlbigbreakpenalty=\count295
\c@biburlbreakpenalty=\count296
\c@biburlnumpenalty=\count297
\c@biburlucpenalty=\count298
\c@biburllcpenalty=\count299
\biburlbigskip=\muskip11
\biburlnumskip=\muskip12
\biburlucskip=\muskip13
\biburllcskip=\muskip14
\c@smartand=\count300
)
Package biblatex Info: Trying to load bibliography style 'numeric'...
Package biblatex Info: ... file 'numeric.bbx' found.

("C:\Users\Kalle\AppData\Local\Programs\MiKTeX 2.9\tex/latex/biblatex/bbx\numer
ic.bbx"
File: numeric.bbx 2019/08/17 v3.13 biblatex bibliography style (PK/MW)
Package biblatex Info: Trying to load bibliography style 'standard'...
Package biblatex Info: ... file 'standard.bbx' found.

("C:\Users\Kalle\AppData\Local\Programs\MiKTeX 2.9\tex/latex/biblatex/bbx\stand
ard.bbx"
File: standard.bbx 2019/08/17 v3.13 biblatex bibliography style (PK/MW)
\c@bbx:relatedcount=\count301
\c@bbx:relatedtotal=\count302
))
Package biblatex Info: Trying to load citation style 'numeric'...
Package biblatex Info: ... file 'numeric.cbx' found.

("C:\Users\Kalle\AppData\Local\Programs\MiKTeX 2.9\tex/latex/biblatex/cbx\numer
ic.cbx"
File: numeric.cbx 2019/08/17 v3.13 biblatex citation style (PK/MW)
Package biblatex Info: Redefining '\cite'.
Package biblatex Info: Redefining '\parencite'.
Package biblatex Info: Redefining '\footcite'.
Package biblatex Info: Redefining '\footcitetext'.
Package biblatex Info: Redefining '\smartcite'.
Package biblatex Info: Redefining '\supercite'.
Package biblatex Info: Redefining '\textcite'.
Package biblatex Info: Redefining '\textcites'.
Package biblatex Info: Redefining '\cites'.
Package biblatex Info: Redefining '\parencites'.
Package biblatex Info: Redefining '\smartcites'.
)
Package biblatex Info: Trying to load configuration file...
Package biblatex Info: ... file 'biblatex.cfg' found.

("C:\Users\Kalle\AppData\Local\Programs\MiKTeX 2.9\tex/latex/biblatex\biblatex.
cfg"
File: biblatex.cfg 
))
("C:\Users\Kalle\AppData\Local\Programs\MiKTeX 2.9\tex/latex/graphics\graphicx.
sty"
Package: graphicx 2017/06/01 v1.1a Enhanced LaTeX Graphics (DPC,SPQR)

("C:\Users\Kalle\AppData\Local\Programs\MiKTeX 2.9\tex/latex/graphics\graphics.
sty"
Package: graphics 2017/06/25 v1.2c Standard LaTeX Graphics (DPC,SPQR)

("C:\Users\Kalle\AppData\Local\Programs\MiKTeX 2.9\tex/latex/graphics\trig.sty"
Package: trig 2016/01/03 v1.10 sin cos tan (DPC)
)
("C:\Users\Kalle\AppData\Local\Programs\MiKTeX 2.9\tex/latex/graphics-cfg\graph
ics.cfg"
File: graphics.cfg 2016/06/04 v1.11 sample graphics configuration
)
Package graphics Info: Driver file: pdftex.def on input line 99.
)
\Gin@req@height=\dimen121
\Gin@req@width=\dimen122
)
("C:\Users\Kalle\AppData\Local\Programs\MiKTeX 2.9\tex/latex/caption\caption.st
y"
Package: caption 2018/10/06 v3.3-154 Customizing captions (AR)

("C:\Users\Kalle\AppData\Local\Programs\MiKTeX 2.9\tex/latex/caption\caption3.s
ty"
Package: caption3 2018/09/12 v1.8c caption3 kernel (AR)
Package caption3 Info: TeX engine: e-TeX on input line 64.
\captionmargin=\dimen123
\captionmargin@=\dimen124
\captionwidth=\dimen125
\caption@tempdima=\dimen126
\caption@indent=\dimen127
\caption@parindent=\dimen128
\caption@hangindent=\dimen129
)
\c@caption@flags=\count303
\c@ContinuedFloat=\count304
Package caption Info: hyperref package is loaded.
)
("C:\Users\Kalle\AppData\Local\Programs\MiKTeX 2.9\tex/latex/titlesec\titletoc.
sty"
Package: titletoc 2019/07/16 v2.11 TOC entries
\ttl@leftsep=\dimen130
)
("C:\Users\Kalle\AppData\Local\Programs\MiKTeX 2.9\tex/latex/enumitem\enumitem.
sty"
Package: enumitem 2019/06/20 v3.9 Customized lists
\labelindent=\skip78
\enit@outerparindent=\dimen131
\enit@toks=\toks24
\enit@inbox=\box28
\enit@count@id=\count305
\enitdp@description=\count306
))
("C:\Users\Kalle\AppData\Local\Programs\MiKTeX 2.9\tex/latex/amsmath\amsmath.st
y"
Package: amsmath 2018/12/01 v2.17b AMS math features
\@mathmargin=\skip79

For additional information on amsmath, use the `?' option.

("C:\Users\Kalle\AppData\Local\Programs\MiKTeX 2.9\tex/latex/amsmath\amstext.st
y"
Package: amstext 2000/06/29 v2.01 AMS text

("C:\Users\Kalle\AppData\Local\Programs\MiKTeX 2.9\tex/latex/amsmath\amsgen.sty
"
File: amsgen.sty 1999/11/30 v2.0 generic functions
\@emptytoks=\toks25
\ex@=\dimen132
))
("C:\Users\Kalle\AppData\Local\Programs\MiKTeX 2.9\tex/latex/amsmath\amsbsy.sty
"
Package: amsbsy 1999/11/29 v1.2d Bold Symbols
\pmbraise@=\dimen133
)
("C:\Users\Kalle\AppData\Local\Programs\MiKTeX 2.9\tex/latex/amsmath\amsopn.sty
"
Package: amsopn 2016/03/08 v2.02 operator names
)
\inf@bad=\count307
LaTeX Info: Redefining \frac on input line 223.
\uproot@=\count308
\leftroot@=\count309
LaTeX Info: Redefining \overline on input line 385.
\classnum@=\count310
\DOTSCASE@=\count311
LaTeX Info: Redefining \ldots on input line 482.
LaTeX Info: Redefining \dots on input line 485.
LaTeX Info: Redefining \cdots on input line 606.
\Mathstrutbox@=\box29
\strutbox@=\box30
\big@size=\dimen134
LaTeX Font Info:    Redeclaring font encoding OML on input line 729.
LaTeX Font Info:    Redeclaring font encoding OMS on input line 730.
\macc@depth=\count312
\c@MaxMatrixCols=\count313
\dotsspace@=\muskip15
\c@parentequation=\count314
\dspbrk@lvl=\count315
\tag@help=\toks26
\row@=\count316
\column@=\count317
\maxfields@=\count318
\andhelp@=\toks27
\eqnshift@=\dimen135
\alignsep@=\dimen136
\tagshift@=\dimen137
\tagwidth@=\dimen138
\totwidth@=\dimen139
\lineht@=\dimen140
\@envbody=\toks28
\multlinegap=\skip80
\multlinetaggap=\skip81
\mathdisplay@stack=\toks29
LaTeX Info: Redefining \[ on input line 2844.
LaTeX Info: Redefining \] on input line 2845.
)
("C:\Users\Kalle\AppData\Local\Programs\MiKTeX 2.9\tex/latex/amsfonts\amssymb.s
ty"
Package: amssymb 2013/01/14 v3.01 AMS font symbols

("C:\Users\Kalle\AppData\Local\Programs\MiKTeX 2.9\tex/latex/amsfonts\amsfonts.
sty"
Package: amsfonts 2013/01/14 v3.01 Basic AMSFonts support
\symAMSa=\mathgroup4
\symAMSb=\mathgroup5
LaTeX Font Info:    Overwriting math alphabet `\mathfrak' in version `bold'
(Font)                  U/euf/m/n --> U/euf/b/n on input line 106.
))
("C:\Users\Kalle\AppData\Local\Programs\MiKTeX 2.9\tex/latex/amscls\amsthm.sty"
Package: amsthm 2017/10/31 v2.20.4
\thm@style=\toks30
\thm@bodyfont=\toks31
\thm@headfont=\toks32
\thm@notefont=\toks33
\thm@headpunct=\toks34
\thm@preskip=\skip82
\thm@postskip=\skip83
\thm@headsep=\skip84
\dth@everypar=\toks35
)
("C:\Users\Kalle\AppData\Local\Programs\MiKTeX 2.9\tex/latex/eurosym\eurosym.st
y"
Package: eurosym 1998/08/06 v1.1 European currency symbol ``Euro''
\@eurobox=\box31
)
Package csquotes Info: Checking for multilingual support...
Package csquotes Info: ... found 'babel' package.
Package csquotes Info: Adjusting default style.
Package csquotes Info: Redefining alias 'default' -> 'english'.
Package biblatex Info: Trying to load language 'english'...
Package biblatex Info: ... file 'english.lbx' found.

("C:\Users\Kalle\AppData\Local\Programs\MiKTeX 2.9\tex/latex/biblatex/lbx\engli
sh.lbx"
File: english.lbx 2019/08/17 v3.13 biblatex localization (PK/MW)
)
Package biblatex Info: Trying to load language 'finnish'...
Package biblatex Info: ... file 'finnish.lbx' found.

("C:\Users\Kalle\AppData\Local\Programs\MiKTeX 2.9\tex/latex/biblatex/lbx\finni
sh.lbx"
File: finnish.lbx 2019/08/17 v3.13 biblatex localization (PK/MW)
) (main.aux)
\openout1 = `main.aux'.

LaTeX Font Info:    Checking defaults for OML/cmm/m/it on input line 89.
LaTeX Font Info:    ... okay on input line 89.
LaTeX Font Info:    Checking defaults for T1/cmr/m/n on input line 89.
LaTeX Font Info:    ... okay on input line 89.
LaTeX Font Info:    Checking defaults for OT1/cmr/m/n on input line 89.
LaTeX Font Info:    ... okay on input line 89.
LaTeX Font Info:    Checking defaults for OMS/cmsy/m/n on input line 89.
LaTeX Font Info:    ... okay on input line 89.
LaTeX Font Info:    Checking defaults for OMX/cmex/m/n on input line 89.
LaTeX Font Info:    ... okay on input line 89.
LaTeX Font Info:    Checking defaults for U/cmr/m/n on input line 89.
LaTeX Font Info:    ... okay on input line 89.
LaTeX Font Info:    Checking defaults for PD1/pdf/m/n on input line 89.
LaTeX Font Info:    ... okay on input line 89.
LaTeX Font Info:    Checking defaults for PU/pdf/m/n on input line 89.
LaTeX Font Info:    ... okay on input line 89.
LaTeX Font Info:    Try loading font information for T1+phv on input line 89.

("C:\Users\Kalle\AppData\Local\Programs\MiKTeX 2.9\tex/latex/psnfss\t1phv.fd"
File: t1phv.fd 2001/06/04 scalable font definitions for T1/phv.
)
LaTeX Font Info:    Font shape `T1/phv/m/n' will be
(Font)              scaled to size 10.92004pt on input line 89.

ABD: EveryShipout initializing macros
("C:\Users\Kalle\AppData\Local\Programs\MiKTeX 2.9\tex/context/base/mkii\supp-p
df.mkii"
[Loading MPS to PDF converter (version 2006.09.02).]
\scratchcounter=\count319
\scratchdimen=\dimen141
\scratchbox=\box32
\nofMPsegments=\count320
\nofMParguments=\count321
\everyMPshowfont=\toks36
\MPscratchCnt=\count322
\MPscratchDim=\dimen142
\MPnumerator=\count323
\makeMPintoPDFobject=\count324
\everyMPtoPDFconversion=\toks37
)
("C:\Users\Kalle\AppData\Local\Programs\MiKTeX 2.9\tex/latex/oberdiek\epstopdf-
base.sty"
Package: epstopdf-base 2016/05/15 v2.6 Base part for package epstopdf

("C:\Users\Kalle\AppData\Local\Programs\MiKTeX 2.9\tex/latex/oberdiek\grfext.st
y"
Package: grfext 2016/05/16 v1.2 Manage graphics extensions (HO)
)
Package epstopdf-base Info: Redefining graphics rule for `.eps' on input line 4
38.
Package grfext Info: Graphics extension search list:
(grfext)             [.pdf,.png,.jpg,.mps,.jpeg,.jbig2,.jb2,.PDF,.PNG,.JPG,.JPE
G,.JBIG2,.JB2,.eps]
(grfext)             \AppendGraphicsExtensions on input line 456.
)
\AtBeginShipoutBox=\box33
Package hyperref Info: Link coloring OFF on input line 89.

("C:\Users\Kalle\AppData\Local\Programs\MiKTeX 2.9\tex/latex/hyperref\nameref.s
ty"
Package: nameref 2016/05/21 v2.44 Cross-referencing by name of section

("C:\Users\Kalle\AppData\Local\Programs\MiKTeX 2.9\tex/generic/oberdiek\gettitl
estring.sty"
Package: gettitlestring 2016/05/16 v1.5 Cleanup title references (HO)
)
\c@section@level=\count325
)
LaTeX Info: Redefining \ref on input line 89.
LaTeX Info: Redefining \pageref on input line 89.
LaTeX Info: Redefining \nameref on input line 89.
 (main.out) (main.out)
\@outlinefile=\write5
\openout5 = `main.out'.


*geometry* driver: auto-detecting
*geometry* detected driver: pdftex
*geometry* verbose mode - [ preamble ] result:
* driver: pdftex
* paper: <default>
* layout: <same size as paper>
* layoutoffset:(h,v)=(0.0pt,0.0pt)
* modes: 
* h-part:(L,W,R)=(113.81102pt, 426.79135pt, 56.9055pt)
* v-part:(T,H,B)=(71.13188pt, 702.78308pt, 71.13188pt)
* \paperwidth=597.50787pt
* \paperheight=845.04684pt
* \textwidth=426.79135pt
* \textheight=702.78308pt
* \oddsidemargin=41.54103pt
* \evensidemargin=41.54103pt
* \topmargin=-38.1381pt
* \headheight=14.5pt
* \headsep=25.0pt
* \topskip=12.0pt
* \footskip=30.0pt
* \marginparwidth=35.0pt
* \marginparsep=10.0pt
* \columnsep=10.0pt
* \skip\footins=10.8pt plus 4.0pt minus 2.0pt
* \hoffset=0.0pt
* \voffset=0.0pt
* \mag=1000
* \@twocolumnfalse
* \@twosidefalse
* \@mparswitchfalse
* \@reversemarginfalse
* (1in=72.27pt=25.4mm, 1cm=28.453pt)

Package biblatex Info: Input encoding 'utf8' detected.
Package biblatex Info: Automatic encoding selection.
(biblatex)             Assuming data encoding 'utf8'.
\openout4 = `main.bcf'.

Package biblatex Info: Trying to load bibliographic data...
Package biblatex Info: ... file 'main.bbl' not found.
No file main.bbl.
Package biblatex Info: Reference section=0 on input line 89.
Package biblatex Info: Reference segment=0 on input line 89.
Package caption Info: Begin \AtBeginDocument code.
Package caption Info: End \AtBeginDocument code.
Package epstopdf Info: Source file: <tau-logo-eng.eps>
(epstopdf)                    date: 2021-01-22 17:43:58
(epstopdf)                    size: 133425 bytes
(epstopdf)             Output file: <tau-logo-eng-eps-converted-to.pdf>
(epstopdf)                    date: 2021-01-22 19:55:02
(epstopdf)                    size: 5245 bytes
(epstopdf)             Command: <epstopdf --outfile=tau-logo-eng-eps-converted-
to.pdf tau-logo-eng.eps>
(epstopdf)             \includegraphics on input line 137.
Package epstopdf Info: Output file is already uptodate.


pdfTeX warning: pdflatex.exe (file ./tau-logo-eng-eps-converted-to.pdf): PDF in
clusion: found PDF version <1.7>, but at most version <1.5> allowed
<tau-logo-eng-eps-converted-to.pdf, id=70, 265.99374pt x 84.315pt>
File: tau-logo-eng-eps-converted-to.pdf Graphic file (type pdf)
<use tau-logo-eng-eps-converted-to.pdf>
Package pdftex.def Info: tau-logo-eng-eps-converted-to.pdf  used on input line 
137.
(pdftex.def)             Requested size: 185.80876pt x 58.8974pt.
LaTeX Font Info:    Font shape `T1/phv/m/n' will be
(Font)              scaled to size 15.72485pt on input line 137.
LaTeX Font Info:    Font shape `T1/phv/bx/n' in size <12> not available
(Font)              Font shape `T1/phv/b/n' tried instead on input line 137.
LaTeX Font Info:    Font shape `T1/phv/b/n' will be
(Font)              scaled to size 10.92004pt on input line 137.
LaTeX Font Info:    Font shape `T1/phv/bx/n' in size <20.74> not available
(Font)              Font shape `T1/phv/b/n' tried instead on input line 137.
LaTeX Font Info:    Font shape `T1/phv/b/n' will be
(Font)              scaled to size 18.87347pt on input line 137.
[0


Non-PDF special ignored!
<special> papersize={210mm,297mm}

 <./tau-logo-eng-eps-converted-to.pdf>]
LaTeX Font Info:    Font shape `T1/phv/bx/n' in size <14.4> not available
(Font)              Font shape `T1/phv/b/n' tried instead on input line 141.
LaTeX Font Info:    Font shape `T1/phv/b/n' will be
(Font)              scaled to size 13.10403pt on input line 141.
 (tex/version_history.tex
LaTeX Font Info:    Try loading font information for U+msa on input line 2.

("C:\Users\Kalle\AppData\Local\Programs\MiKTeX 2.9\tex/latex/amsfonts\umsa.fd"
File: umsa.fd 2013/01/14 v3.01 AMS symbols A
)
LaTeX Font Info:    Try loading font information for U+msb on input line 2.
("C:\Users\Kalle\AppData\Local\Programs\MiKTeX 2.9\tex/latex/amsfonts\umsb.fd"
File: umsb.fd 2013/01/14 v3.01 AMS symbols B
)) [1


]
LaTeX Font Info:    Font shape `T1/phv/bx/n' in size <17.28> not available
(Font)              Font shape `T1/phv/b/n' tried instead on input line 157.
LaTeX Font Info:    Font shape `T1/phv/b/n' will be
(Font)              scaled to size 15.72485pt on input line 157.
LaTeX Font Info:    Font shape `T1/phv/m/n' will be
(Font)              scaled to size 9.96452pt on input line 157.
 (tex/abstract.tex) [2


] (main.toc)
\tf@toc=\write6
\openout6 = `main.toc'.

 [3


]
Chapter 1.
(tex/project_introduction.tex) [1


]
Chapter 2.
(tex/project_summary.tex) [2

]
Chapter 3.
(tex/project_realized_implementation.tex) [3

]
Chapter 4.
(tex/project_results_and_conclusions.tex) [4

]
Chapter 5.
(tex/project_comments.tex)

LaTeX Warning: Empty bibliography on input line 215.

Package atveryend Info: Empty hook `BeforeClearDocument' on input line 217.
[5

]
Package atveryend Info: Empty hook `AfterLastShipout' on input line 217.
 (main.aux)
Package atveryend Info: Executing hook `AtVeryEndDocument' on input line 217.
Package atveryend Info: Executing hook `AtEndAfterFileList' on input line 217.
Package rerunfilecheck Info: File `main.out' has not changed.
(rerunfilecheck)             Checksum: 5CEF6FA16C967578D5C6B016820D28CE;1242.
Package logreq Info: Writing requests to 'main.run.xml'.
\openout1 = `main.run.xml'.

Package atveryend Info: Empty hook `AtVeryVeryEnd' on input line 217.
 )
(\end occurred inside a group at level 1)

### semi simple group (level 1) entered at line 125 (\begingroup)
### bottom level 
Here is how much of TeX's memory you used:
 28552 strings out of 492895
 482024 string characters out of 3123735
 968803 words of memory out of 3000000
 32096 multiletter control sequences out of 15000+200000
 27542 words of font info for 46 fonts, out of 3000000 for 9000
 1141 hyphenation exceptions out of 8191
 60i,11n,94p,1195b,14760s stack positions out of 5000i,500n,10000p,200000b,50000s
{C:/Users/Kalle/AppData/Local/Programs/MiKTeX 2.9/fonts/enc/dvi
ps/base/8r.enc}<C:/Users/Kalle/AppData/Local/Programs/MiKTeX 2.9/fonts/type1/ur
w/helvetic/uhvb8a.pfb><C:/Users/Kalle/AppData/Local/Programs/MiKTeX 2.9/fonts/t
ype1/urw/helvetic/uhvr8a.pfb>
Output written on main.pdf (9 pages, 54481 bytes).
PDF statistics:
 166 PDF objects out of 1000 (max. 8388607)
 28 named destinations out of 1000 (max. 500000)
 146 words of extra memory for PDF output out of 10000 (max. 10000000)

